<?xml version="1.0" encoding="UTF-8"?>
<!-- Generated by org.testng.reporters.JUnitXMLReporter -->
<testsuite hostname="LAPTOP-0C7U3DC8" ignored="0" name="Default test" tests="4" failures="1" timestamp="2024-04-10T10:48:50 CDT" time="11.715" errors="0">
  <testcase name="runScenario" time="0.152" classname="io.cucumber.testng.AbstractTestNGCucumberTests"/>
  <testcase name="runScenario" time="3.525" classname="io.cucumber.testng.AbstractTestNGCucumberTests">
    <failure type="java.lang.AssertionError" message="expected [Welcome to Demo_blaze] but found [STORE]">
      <![CDATA[java.lang.AssertionError: expected [Welcome to Demo_blaze] but found [STORE]
at org.testng.Assert.fail(Assert.java:97)
at org.testng.Assert.assertEqualsImpl(Assert.java:136)
at org.testng.Assert.assertEquals(Assert.java:118)
at org.testng.Assert.assertEquals(Assert.java:575)
at org.testng.Assert.assertEquals(Assert.java:585)
at pageObjects.HomePage.validateMessage(HomePage.java:35)
at stepDefinations.HomePageDefination.Validate_that_the_site_displays_Welcome_Greeting_to_the_user(HomePageDefination.java:36)
at ✽.Validate that the DemoBlaze displays Welcome Greeting to the user(file:///C:/Users/Devas/eclipse-2018-workspace/DemoBlaze/src/test/java/features/HomePage.feature:10)
]]>
    </failure>
  </testcase> <!-- runScenario -->
  <testcase name="runScenario" time="2.003" classname="io.cucumber.testng.AbstractTestNGCucumberTests"/>
  <testcase name="runScenario" time="4.574" classname="io.cucumber.testng.AbstractTestNGCucumberTests"/>
</testsuite> <!-- Default test -->
